The system is: Linux - 4.8.0-41-generic - aarch64
Compiling the C compiler identification source file "CMakeCCompilerId.c" succeeded.
Compiler: /usr/bin/clang 
Build flags: 
Id flags: 

The output was:
0


Compilation of the C compiler identification source "CMakeCCompilerId.c" produced "a.out"

The C compiler identification is Clang, found in "/workspace/build/CMakeFiles/3.5.1/CompilerIdC/a.out"

Compiling the CXX compiler identification source file "CMakeCXXCompilerId.cpp" succeeded.
Compiler: /usr/bin/clang++ 
Build flags: 
Id flags: 

The output was:
0


Compilation of the CXX compiler identification source "CMakeCXXCompilerId.cpp" produced "a.out"

The CXX compiler identification is Clang, found in "/workspace/build/CMakeFiles/3.5.1/CompilerIdCXX/a.out"

Determining if the C compiler works passed with the following output:
Change Dir: /workspace/build/CMakeFiles/CMakeTmp

Run Build Command:"/usr/bin/make" "cmTC_11a53/fast"
make: Warning: File 'Makefile' has modification time 2.9 s in the future
/usr/bin/make -f CMakeFiles/cmTC_11a53.dir/build.make CMakeFiles/cmTC_11a53.dir/build
make[1]: Entering directory '/workspace/build/CMakeFiles/CMakeTmp'
make[1]: Warning: File 'CMakeFiles/cmTC_11a53.dir/flags.make' has modification time 2.9 s in the future
Building C object CMakeFiles/cmTC_11a53.dir/testCCompiler.c.o
/usr/bin/clang     -o CMakeFiles/cmTC_11a53.dir/testCCompiler.c.o   -c /workspace/build/CMakeFiles/CMakeTmp/testCCompiler.c
Linking C executable cmTC_11a53
/usr/bin/cmake -E cmake_link_script CMakeFiles/cmTC_11a53.dir/link.txt --verbose=1
/usr/bin/clang       CMakeFiles/cmTC_11a53.dir/testCCompiler.c.o  -o cmTC_11a53 -rdynamic 
make[1]: warning:  Clock skew detected.  Your build may be incomplete.
make[1]: Leaving directory '/workspace/build/CMakeFiles/CMakeTmp'
make: warning:  Clock skew detected.  Your build may be incomplete.


Detecting C compiler ABI info compiled with the following output:
Change Dir: /workspace/build/CMakeFiles/CMakeTmp

Run Build Command:"/usr/bin/make" "cmTC_4b768/fast"
make: Warning: File 'Makefile' has modification time 3.6 s in the future
/usr/bin/make -f CMakeFiles/cmTC_4b768.dir/build.make CMakeFiles/cmTC_4b768.dir/build
make[1]: Entering directory '/workspace/build/CMakeFiles/CMakeTmp'
make[1]: Warning: File 'CMakeFiles/cmTC_4b768.dir/flags.make' has modification time 3.5 s in the future
Building C object CMakeFiles/cmTC_4b768.dir/CMakeCCompilerABI.c.o
/usr/bin/clang     -o CMakeFiles/cmTC_4b768.dir/CMakeCCompilerABI.c.o   -c /usr/share/cmake-3.5/Modules/CMakeCCompilerABI.c
Linking C executable cmTC_4b768
/usr/bin/cmake -E cmake_link_script CMakeFiles/cmTC_4b768.dir/link.txt --verbose=1
/usr/bin/clang      -v CMakeFiles/cmTC_4b768.dir/CMakeCCompilerABI.c.o  -o cmTC_4b768 -rdynamic  
clang version 3.8.0-2ubuntu4 (tags/RELEASE_380/final)
Target: aarch64-unknown-linux-gnu
Thread model: posix
InstalledDir: /usr/bin
Found candidate GCC installation: /usr/bin/../lib/gcc/aarch64-linux-gnu/5.4.0
Found candidate GCC installation: /usr/bin/../lib/gcc/aarch64-linux-gnu/6.0.0
Found candidate GCC installation: /usr/lib/gcc/aarch64-linux-gnu/5.4.0
Found candidate GCC installation: /usr/lib/gcc/aarch64-linux-gnu/6.0.0
Selected GCC installation: /usr/bin/../lib/gcc/aarch64-linux-gnu/5.4.0
Candidate multilib: .;@m64
Selected multilib: .;@m64
Found CUDA installation: /usr/local/cuda
 "/usr/bin/ld" -export-dynamic -z relro --hash-style=gnu --build-id --eh-frame-hdr -m aarch64linux -dynamic-linker /lib/ld-linux-aarch64.so.1 -o cmTC_4b768 /usr/bin/../lib/gcc/aarch64-linux-gnu/5.4.0/../../../aarch64-linux-gnu/crt1.o /usr/bin/../lib/gcc/aarch64-linux-gnu/5.4.0/../../../aarch64-linux-gnu/crti.o /usr/bin/../lib/gcc/aarch64-linux-gnu/5.4.0/crtbegin.o -L/usr/bin/../lib/gcc/aarch64-linux-gnu/5.4.0 -L/usr/bin/../lib/gcc/aarch64-linux-gnu/5.4.0/../../../aarch64-linux-gnu -L/lib/aarch64-linux-gnu -L/usr/lib/aarch64-linux-gnu -L/usr/bin/../lib/gcc/aarch64-linux-gnu/5.4.0/../../.. -L/usr/lib/llvm-3.8/bin/../lib -L/lib -L/usr/lib CMakeFiles/cmTC_4b768.dir/CMakeCCompilerABI.c.o -lgcc --as-needed -lgcc_s --no-as-needed -lc -lgcc --as-needed -lgcc_s --no-as-needed /usr/bin/../lib/gcc/aarch64-linux-gnu/5.4.0/crtend.o /usr/bin/../lib/gcc/aarch64-linux-gnu/5.4.0/../../../aarch64-linux-gnu/crtn.o
make[1]: warning:  Clock skew detected.  Your build may be incomplete.
make[1]: Leaving directory '/workspace/build/CMakeFiles/CMakeTmp'
make: warning:  Clock skew detected.  Your build may be incomplete.


Parsed C implicit link information from above output:
  link line regex: [^( *|.*[/\])(ld|([^/\]+-)?ld|collect2)[^/\]*( |$)]
  ignore line: [Change Dir: /workspace/build/CMakeFiles/CMakeTmp]
  ignore line: []
  ignore line: [Run Build Command:"/usr/bin/make" "cmTC_4b768/fast"]
  ignore line: [make: Warning: File 'Makefile' has modification time 3.6 s in the future]
  ignore line: [/usr/bin/make -f CMakeFiles/cmTC_4b768.dir/build.make CMakeFiles/cmTC_4b768.dir/build]
  ignore line: [make[1]: Entering directory '/workspace/build/CMakeFiles/CMakeTmp']
  ignore line: [make[1]: Warning: File 'CMakeFiles/cmTC_4b768.dir/flags.make' has modification time 3.5 s in the future]
  ignore line: [Building C object CMakeFiles/cmTC_4b768.dir/CMakeCCompilerABI.c.o]
  ignore line: [/usr/bin/clang     -o CMakeFiles/cmTC_4b768.dir/CMakeCCompilerABI.c.o   -c /usr/share/cmake-3.5/Modules/CMakeCCompilerABI.c]
  ignore line: [Linking C executable cmTC_4b768]
  ignore line: [/usr/bin/cmake -E cmake_link_script CMakeFiles/cmTC_4b768.dir/link.txt --verbose=1]
  ignore line: [/usr/bin/clang      -v CMakeFiles/cmTC_4b768.dir/CMakeCCompilerABI.c.o  -o cmTC_4b768 -rdynamic  ]
  ignore line: [clang version 3.8.0-2ubuntu4 (tags/RELEASE_380/final)]
  ignore line: [Target: aarch64-unknown-linux-gnu]
  ignore line: [Thread model: posix]
  ignore line: [InstalledDir: /usr/bin]
  ignore line: [Found candidate GCC installation: /usr/bin/../lib/gcc/aarch64-linux-gnu/5.4.0]
  ignore line: [Found candidate GCC installation: /usr/bin/../lib/gcc/aarch64-linux-gnu/6.0.0]
  ignore line: [Found candidate GCC installation: /usr/lib/gcc/aarch64-linux-gnu/5.4.0]
  ignore line: [Found candidate GCC installation: /usr/lib/gcc/aarch64-linux-gnu/6.0.0]
  ignore line: [Selected GCC installation: /usr/bin/../lib/gcc/aarch64-linux-gnu/5.4.0]
  ignore line: [Candidate multilib: .]
  ignore line: [@m64]
  ignore line: [Selected multilib: .]
  ignore line: [@m64]
  ignore line: [Found CUDA installation: /usr/local/cuda]
  link line: [ "/usr/bin/ld" -export-dynamic -z relro --hash-style=gnu --build-id --eh-frame-hdr -m aarch64linux -dynamic-linker /lib/ld-linux-aarch64.so.1 -o cmTC_4b768 /usr/bin/../lib/gcc/aarch64-linux-gnu/5.4.0/../../../aarch64-linux-gnu/crt1.o /usr/bin/../lib/gcc/aarch64-linux-gnu/5.4.0/../../../aarch64-linux-gnu/crti.o /usr/bin/../lib/gcc/aarch64-linux-gnu/5.4.0/crtbegin.o -L/usr/bin/../lib/gcc/aarch64-linux-gnu/5.4.0 -L/usr/bin/../lib/gcc/aarch64-linux-gnu/5.4.0/../../../aarch64-linux-gnu -L/lib/aarch64-linux-gnu -L/usr/lib/aarch64-linux-gnu -L/usr/bin/../lib/gcc/aarch64-linux-gnu/5.4.0/../../.. -L/usr/lib/llvm-3.8/bin/../lib -L/lib -L/usr/lib CMakeFiles/cmTC_4b768.dir/CMakeCCompilerABI.c.o -lgcc --as-needed -lgcc_s --no-as-needed -lc -lgcc --as-needed -lgcc_s --no-as-needed /usr/bin/../lib/gcc/aarch64-linux-gnu/5.4.0/crtend.o /usr/bin/../lib/gcc/aarch64-linux-gnu/5.4.0/../../../aarch64-linux-gnu/crtn.o]
    arg [/usr/bin/ld] ==> ignore
    arg [-export-dynamic] ==> ignore
    arg [-zrelro] ==> ignore
    arg [--hash-style=gnu] ==> ignore
    arg [--build-id] ==> ignore
    arg [--eh-frame-hdr] ==> ignore
    arg [-m] ==> ignore
    arg [aarch64linux] ==> ignore
    arg [-dynamic-linker] ==> ignore
    arg [/lib/ld-linux-aarch64.so.1] ==> ignore
    arg [-o] ==> ignore
    arg [cmTC_4b768] ==> ignore
    arg [/usr/bin/../lib/gcc/aarch64-linux-gnu/5.4.0/../../../aarch64-linux-gnu/crt1.o] ==> ignore
    arg [/usr/bin/../lib/gcc/aarch64-linux-gnu/5.4.0/../../../aarch64-linux-gnu/crti.o] ==> ignore
    arg [/usr/bin/../lib/gcc/aarch64-linux-gnu/5.4.0/crtbegin.o] ==> ignore
    arg [-L/usr/bin/../lib/gcc/aarch64-linux-gnu/5.4.0] ==> dir [/usr/bin/../lib/gcc/aarch64-linux-gnu/5.4.0]
    arg [-L/usr/bin/../lib/gcc/aarch64-linux-gnu/5.4.0/../../../aarch64-linux-gnu] ==> dir [/usr/bin/../lib/gcc/aarch64-linux-gnu/5.4.0/../../../aarch64-linux-gnu]
    arg [-L/lib/aarch64-linux-gnu] ==> dir [/lib/aarch64-linux-gnu]
    arg [-L/usr/lib/aarch64-linux-gnu] ==> dir [/usr/lib/aarch64-linux-gnu]
    arg [-L/usr/bin/../lib/gcc/aarch64-linux-gnu/5.4.0/../../..] ==> dir [/usr/bin/../lib/gcc/aarch64-linux-gnu/5.4.0/../../..]
    arg [-L/usr/lib/llvm-3.8/bin/../lib] ==> dir [/usr/lib/llvm-3.8/bin/../lib]
    arg [-L/lib] ==> dir [/lib]
    arg [-L/usr/lib] ==> dir [/usr/lib]
    arg [CMakeFiles/cmTC_4b768.dir/CMakeCCompilerABI.c.o] ==> ignore
    arg [-lgcc] ==> lib [gcc]
    arg [--as-needed] ==> ignore
    arg [-lgcc_s] ==> lib [gcc_s]
    arg [--no-as-needed] ==> ignore
    arg [-lc] ==> lib [c]
    arg [-lgcc] ==> lib [gcc]
    arg [--as-needed] ==> ignore
    arg [-lgcc_s] ==> lib [gcc_s]
    arg [--no-as-needed] ==> ignore
    arg [/usr/bin/../lib/gcc/aarch64-linux-gnu/5.4.0/crtend.o] ==> ignore
    arg [/usr/bin/../lib/gcc/aarch64-linux-gnu/5.4.0/../../../aarch64-linux-gnu/crtn.o] ==> ignore
  remove lib [gcc]
  remove lib [gcc_s]
  remove lib [gcc]
  remove lib [gcc_s]
  collapse library dir [/usr/bin/../lib/gcc/aarch64-linux-gnu/5.4.0] ==> [/usr/lib/gcc/aarch64-linux-gnu/5.4.0]
  collapse library dir [/usr/bin/../lib/gcc/aarch64-linux-gnu/5.4.0/../../../aarch64-linux-gnu] ==> [/usr/lib/aarch64-linux-gnu]
  collapse library dir [/lib/aarch64-linux-gnu] ==> [/lib/aarch64-linux-gnu]
  collapse library dir [/usr/lib/aarch64-linux-gnu] ==> [/usr/lib/aarch64-linux-gnu]
  collapse library dir [/usr/bin/../lib/gcc/aarch64-linux-gnu/5.4.0/../../..] ==> [/usr/lib]
  collapse library dir [/usr/lib/llvm-3.8/bin/../lib] ==> [/usr/lib/llvm-3.8/lib]
  collapse library dir [/lib] ==> [/lib]
  collapse library dir [/usr/lib] ==> [/usr/lib]
  implicit libs: [c]
  implicit dirs: [/usr/lib/gcc/aarch64-linux-gnu/5.4.0;/usr/lib/aarch64-linux-gnu;/lib/aarch64-linux-gnu;/usr/lib;/usr/lib/llvm-3.8/lib;/lib]
  implicit fwks: []




Detecting C [-std=c11] compiler features compiled with the following output:
Change Dir: /workspace/build/CMakeFiles/CMakeTmp

Run Build Command:"/usr/bin/make" "cmTC_937bc/fast"
make: Warning: File 'Makefile' has modification time 3.1 s in the future
/usr/bin/make -f CMakeFiles/cmTC_937bc.dir/build.make CMakeFiles/cmTC_937bc.dir/build
make[1]: Entering directory '/workspace/build/CMakeFiles/CMakeTmp'
make[1]: Warning: File 'CMakeFiles/cmTC_937bc.dir/flags.make' has modification time 3 s in the future
Building C object CMakeFiles/cmTC_937bc.dir/feature_tests.c.o
/usr/bin/clang    -std=c11 -o CMakeFiles/cmTC_937bc.dir/feature_tests.c.o   -c /workspace/build/CMakeFiles/feature_tests.c
Linking C executable cmTC_937bc
/usr/bin/cmake -E cmake_link_script CMakeFiles/cmTC_937bc.dir/link.txt --verbose=1
/usr/bin/clang       CMakeFiles/cmTC_937bc.dir/feature_tests.c.o  -o cmTC_937bc -rdynamic 
make[1]: warning:  Clock skew detected.  Your build may be incomplete.
make[1]: Leaving directory '/workspace/build/CMakeFiles/CMakeTmp'
make: warning:  Clock skew detected.  Your build may be incomplete.


    Feature record: C_FEATURE:1c_function_prototypes
    Feature record: C_FEATURE:1c_restrict
    Feature record: C_FEATURE:1c_static_assert
    Feature record: C_FEATURE:1c_variadic_macros


Detecting C [-std=c99] compiler features compiled with the following output:
Change Dir: /workspace/build/CMakeFiles/CMakeTmp

Run Build Command:"/usr/bin/make" "cmTC_01db3/fast"
make: Warning: File 'Makefile' has modification time 3.8 s in the future
/usr/bin/make -f CMakeFiles/cmTC_01db3.dir/build.make CMakeFiles/cmTC_01db3.dir/build
make[1]: Entering directory '/workspace/build/CMakeFiles/CMakeTmp'
make[1]: Warning: File 'CMakeFiles/cmTC_01db3.dir/flags.make' has modification time 3.7 s in the future
Building C object CMakeFiles/cmTC_01db3.dir/feature_tests.c.o
/usr/bin/clang    -std=c99 -o CMakeFiles/cmTC_01db3.dir/feature_tests.c.o   -c /workspace/build/CMakeFiles/feature_tests.c
Linking C executable cmTC_01db3
/usr/bin/cmake -E cmake_link_script CMakeFiles/cmTC_01db3.dir/link.txt --verbose=1
/usr/bin/clang       CMakeFiles/cmTC_01db3.dir/feature_tests.c.o  -o cmTC_01db3 -rdynamic 
make[1]: warning:  Clock skew detected.  Your build may be incomplete.
make[1]: Leaving directory '/workspace/build/CMakeFiles/CMakeTmp'
make: warning:  Clock skew detected.  Your build may be incomplete.


    Feature record: C_FEATURE:1c_function_prototypes
    Feature record: C_FEATURE:1c_restrict
    Feature record: C_FEATURE:0c_static_assert
    Feature record: C_FEATURE:1c_variadic_macros


Detecting C [-std=c90] compiler features compiled with the following output:
Change Dir: /workspace/build/CMakeFiles/CMakeTmp

Run Build Command:"/usr/bin/make" "cmTC_5392e/fast"
make: Warning: File 'Makefile' has modification time 3.5 s in the future
/usr/bin/make -f CMakeFiles/cmTC_5392e.dir/build.make CMakeFiles/cmTC_5392e.dir/build
make[1]: Entering directory '/workspace/build/CMakeFiles/CMakeTmp'
make[1]: Warning: File 'CMakeFiles/cmTC_5392e.dir/flags.make' has modification time 3.4 s in the future
Building C object CMakeFiles/cmTC_5392e.dir/feature_tests.c.o
/usr/bin/clang    -std=c90 -o CMakeFiles/cmTC_5392e.dir/feature_tests.c.o   -c /workspace/build/CMakeFiles/feature_tests.c
Linking C executable cmTC_5392e
/usr/bin/cmake -E cmake_link_script CMakeFiles/cmTC_5392e.dir/link.txt --verbose=1
/usr/bin/clang       CMakeFiles/cmTC_5392e.dir/feature_tests.c.o  -o cmTC_5392e -rdynamic 
make[1]: warning:  Clock skew detected.  Your build may be incomplete.
make[1]: Leaving directory '/workspace/build/CMakeFiles/CMakeTmp'
make: warning:  Clock skew detected.  Your build may be incomplete.


    Feature record: C_FEATURE:1c_function_prototypes
    Feature record: C_FEATURE:0c_restrict
    Feature record: C_FEATURE:0c_static_assert
    Feature record: C_FEATURE:0c_variadic_macros
Determining if the CXX compiler works passed with the following output:
Change Dir: /workspace/build/CMakeFiles/CMakeTmp

Run Build Command:"/usr/bin/make" "cmTC_63d84/fast"
make: Warning: File 'Makefile' has modification time 3.1 s in the future
/usr/bin/make -f CMakeFiles/cmTC_63d84.dir/build.make CMakeFiles/cmTC_63d84.dir/build
make[1]: Entering directory '/workspace/build/CMakeFiles/CMakeTmp'
make[1]: Warning: File 'CMakeFiles/cmTC_63d84.dir/flags.make' has modification time 3.1 s in the future
Building CXX object CMakeFiles/cmTC_63d84.dir/testCXXCompiler.cxx.o
/usr/bin/clang++      -o CMakeFiles/cmTC_63d84.dir/testCXXCompiler.cxx.o -c /workspace/build/CMakeFiles/CMakeTmp/testCXXCompiler.cxx
Linking CXX executable cmTC_63d84
/usr/bin/cmake -E cmake_link_script CMakeFiles/cmTC_63d84.dir/link.txt --verbose=1
/usr/bin/clang++        CMakeFiles/cmTC_63d84.dir/testCXXCompiler.cxx.o  -o cmTC_63d84 -rdynamic 
make[1]: warning:  Clock skew detected.  Your build may be incomplete.
make[1]: Leaving directory '/workspace/build/CMakeFiles/CMakeTmp'
make: warning:  Clock skew detected.  Your build may be incomplete.


Detecting CXX compiler ABI info compiled with the following output:
Change Dir: /workspace/build/CMakeFiles/CMakeTmp

Run Build Command:"/usr/bin/make" "cmTC_ac88d/fast"
make: Warning: File 'Makefile' has modification time 3.7 s in the future
/usr/bin/make -f CMakeFiles/cmTC_ac88d.dir/build.make CMakeFiles/cmTC_ac88d.dir/build
make[1]: Entering directory '/workspace/build/CMakeFiles/CMakeTmp'
make[1]: Warning: File 'CMakeFiles/cmTC_ac88d.dir/flags.make' has modification time 3.7 s in the future
Building CXX object CMakeFiles/cmTC_ac88d.dir/CMakeCXXCompilerABI.cpp.o
/usr/bin/clang++      -o CMakeFiles/cmTC_ac88d.dir/CMakeCXXCompilerABI.cpp.o -c /usr/share/cmake-3.5/Modules/CMakeCXXCompilerABI.cpp
Linking CXX executable cmTC_ac88d
/usr/bin/cmake -E cmake_link_script CMakeFiles/cmTC_ac88d.dir/link.txt --verbose=1
/usr/bin/clang++       -v CMakeFiles/cmTC_ac88d.dir/CMakeCXXCompilerABI.cpp.o  -o cmTC_ac88d -rdynamic  
clang version 3.8.0-2ubuntu4 (tags/RELEASE_380/final)
Target: aarch64-unknown-linux-gnu
Thread model: posix
InstalledDir: /usr/bin
Found candidate GCC installation: /usr/bin/../lib/gcc/aarch64-linux-gnu/5.4.0
Found candidate GCC installation: /usr/bin/../lib/gcc/aarch64-linux-gnu/6.0.0
Found candidate GCC installation: /usr/lib/gcc/aarch64-linux-gnu/5.4.0
Found candidate GCC installation: /usr/lib/gcc/aarch64-linux-gnu/6.0.0
Selected GCC installation: /usr/bin/../lib/gcc/aarch64-linux-gnu/5.4.0
Candidate multilib: .;@m64
Selected multilib: .;@m64
Found CUDA installation: /usr/local/cuda
 "/usr/bin/ld" -export-dynamic -z relro --hash-style=gnu --build-id --eh-frame-hdr -m aarch64linux -dynamic-linker /lib/ld-linux-aarch64.so.1 -o cmTC_ac88d /usr/bin/../lib/gcc/aarch64-linux-gnu/5.4.0/../../../aarch64-linux-gnu/crt1.o /usr/bin/../lib/gcc/aarch64-linux-gnu/5.4.0/../../../aarch64-linux-gnu/crti.o /usr/bin/../lib/gcc/aarch64-linux-gnu/5.4.0/crtbegin.o -L/usr/bin/../lib/gcc/aarch64-linux-gnu/5.4.0 -L/usr/bin/../lib/gcc/aarch64-linux-gnu/5.4.0/../../../aarch64-linux-gnu -L/lib/aarch64-linux-gnu -L/usr/lib/aarch64-linux-gnu -L/usr/bin/../lib/gcc/aarch64-linux-gnu/5.4.0/../../.. -L/usr/lib/llvm-3.8/bin/../lib -L/lib -L/usr/lib CMakeFiles/cmTC_ac88d.dir/CMakeCXXCompilerABI.cpp.o -lstdc++ -lm -lgcc_s -lgcc -lc -lgcc_s -lgcc /usr/bin/../lib/gcc/aarch64-linux-gnu/5.4.0/crtend.o /usr/bin/../lib/gcc/aarch64-linux-gnu/5.4.0/../../../aarch64-linux-gnu/crtn.o
make[1]: warning:  Clock skew detected.  Your build may be incomplete.
make[1]: Leaving directory '/workspace/build/CMakeFiles/CMakeTmp'
make: warning:  Clock skew detected.  Your build may be incomplete.


Parsed CXX implicit link information from above output:
  link line regex: [^( *|.*[/\])(ld|([^/\]+-)?ld|collect2)[^/\]*( |$)]
  ignore line: [Change Dir: /workspace/build/CMakeFiles/CMakeTmp]
  ignore line: []
  ignore line: [Run Build Command:"/usr/bin/make" "cmTC_ac88d/fast"]
  ignore line: [make: Warning: File 'Makefile' has modification time 3.7 s in the future]
  ignore line: [/usr/bin/make -f CMakeFiles/cmTC_ac88d.dir/build.make CMakeFiles/cmTC_ac88d.dir/build]
  ignore line: [make[1]: Entering directory '/workspace/build/CMakeFiles/CMakeTmp']
  ignore line: [make[1]: Warning: File 'CMakeFiles/cmTC_ac88d.dir/flags.make' has modification time 3.7 s in the future]
  ignore line: [Building CXX object CMakeFiles/cmTC_ac88d.dir/CMakeCXXCompilerABI.cpp.o]
  ignore line: [/usr/bin/clang++      -o CMakeFiles/cmTC_ac88d.dir/CMakeCXXCompilerABI.cpp.o -c /usr/share/cmake-3.5/Modules/CMakeCXXCompilerABI.cpp]
  ignore line: [Linking CXX executable cmTC_ac88d]
  ignore line: [/usr/bin/cmake -E cmake_link_script CMakeFiles/cmTC_ac88d.dir/link.txt --verbose=1]
  ignore line: [/usr/bin/clang++       -v CMakeFiles/cmTC_ac88d.dir/CMakeCXXCompilerABI.cpp.o  -o cmTC_ac88d -rdynamic  ]
  ignore line: [clang version 3.8.0-2ubuntu4 (tags/RELEASE_380/final)]
  ignore line: [Target: aarch64-unknown-linux-gnu]
  ignore line: [Thread model: posix]
  ignore line: [InstalledDir: /usr/bin]
  ignore line: [Found candidate GCC installation: /usr/bin/../lib/gcc/aarch64-linux-gnu/5.4.0]
  ignore line: [Found candidate GCC installation: /usr/bin/../lib/gcc/aarch64-linux-gnu/6.0.0]
  ignore line: [Found candidate GCC installation: /usr/lib/gcc/aarch64-linux-gnu/5.4.0]
  ignore line: [Found candidate GCC installation: /usr/lib/gcc/aarch64-linux-gnu/6.0.0]
  ignore line: [Selected GCC installation: /usr/bin/../lib/gcc/aarch64-linux-gnu/5.4.0]
  ignore line: [Candidate multilib: .]
  ignore line: [@m64]
  ignore line: [Selected multilib: .]
  ignore line: [@m64]
  ignore line: [Found CUDA installation: /usr/local/cuda]
  link line: [ "/usr/bin/ld" -export-dynamic -z relro --hash-style=gnu --build-id --eh-frame-hdr -m aarch64linux -dynamic-linker /lib/ld-linux-aarch64.so.1 -o cmTC_ac88d /usr/bin/../lib/gcc/aarch64-linux-gnu/5.4.0/../../../aarch64-linux-gnu/crt1.o /usr/bin/../lib/gcc/aarch64-linux-gnu/5.4.0/../../../aarch64-linux-gnu/crti.o /usr/bin/../lib/gcc/aarch64-linux-gnu/5.4.0/crtbegin.o -L/usr/bin/../lib/gcc/aarch64-linux-gnu/5.4.0 -L/usr/bin/../lib/gcc/aarch64-linux-gnu/5.4.0/../../../aarch64-linux-gnu -L/lib/aarch64-linux-gnu -L/usr/lib/aarch64-linux-gnu -L/usr/bin/../lib/gcc/aarch64-linux-gnu/5.4.0/../../.. -L/usr/lib/llvm-3.8/bin/../lib -L/lib -L/usr/lib CMakeFiles/cmTC_ac88d.dir/CMakeCXXCompilerABI.cpp.o -lstdc++ -lm -lgcc_s -lgcc -lc -lgcc_s -lgcc /usr/bin/../lib/gcc/aarch64-linux-gnu/5.4.0/crtend.o /usr/bin/../lib/gcc/aarch64-linux-gnu/5.4.0/../../../aarch64-linux-gnu/crtn.o]
    arg [/usr/bin/ld] ==> ignore
    arg [-export-dynamic] ==> ignore
    arg [-zrelro] ==> ignore
    arg [--hash-style=gnu] ==> ignore
    arg [--build-id] ==> ignore
    arg [--eh-frame-hdr] ==> ignore
    arg [-m] ==> ignore
    arg [aarch64linux] ==> ignore
    arg [-dynamic-linker] ==> ignore
    arg [/lib/ld-linux-aarch64.so.1] ==> ignore
    arg [-o] ==> ignore
    arg [cmTC_ac88d] ==> ignore
    arg [/usr/bin/../lib/gcc/aarch64-linux-gnu/5.4.0/../../../aarch64-linux-gnu/crt1.o] ==> ignore
    arg [/usr/bin/../lib/gcc/aarch64-linux-gnu/5.4.0/../../../aarch64-linux-gnu/crti.o] ==> ignore
    arg [/usr/bin/../lib/gcc/aarch64-linux-gnu/5.4.0/crtbegin.o] ==> ignore
    arg [-L/usr/bin/../lib/gcc/aarch64-linux-gnu/5.4.0] ==> dir [/usr/bin/../lib/gcc/aarch64-linux-gnu/5.4.0]
    arg [-L/usr/bin/../lib/gcc/aarch64-linux-gnu/5.4.0/../../../aarch64-linux-gnu] ==> dir [/usr/bin/../lib/gcc/aarch64-linux-gnu/5.4.0/../../../aarch64-linux-gnu]
    arg [-L/lib/aarch64-linux-gnu] ==> dir [/lib/aarch64-linux-gnu]
    arg [-L/usr/lib/aarch64-linux-gnu] ==> dir [/usr/lib/aarch64-linux-gnu]
    arg [-L/usr/bin/../lib/gcc/aarch64-linux-gnu/5.4.0/../../..] ==> dir [/usr/bin/../lib/gcc/aarch64-linux-gnu/5.4.0/../../..]
    arg [-L/usr/lib/llvm-3.8/bin/../lib] ==> dir [/usr/lib/llvm-3.8/bin/../lib]
    arg [-L/lib] ==> dir [/lib]
    arg [-L/usr/lib] ==> dir [/usr/lib]
    arg [CMakeFiles/cmTC_ac88d.dir/CMakeCXXCompilerABI.cpp.o] ==> ignore
    arg [-lstdc++] ==> lib [stdc++]
    arg [-lm] ==> lib [m]
    arg [-lgcc_s] ==> lib [gcc_s]
    arg [-lgcc] ==> lib [gcc]
    arg [-lc] ==> lib [c]
    arg [-lgcc_s] ==> lib [gcc_s]
    arg [-lgcc] ==> lib [gcc]
    arg [/usr/bin/../lib/gcc/aarch64-linux-gnu/5.4.0/crtend.o] ==> ignore
    arg [/usr/bin/../lib/gcc/aarch64-linux-gnu/5.4.0/../../../aarch64-linux-gnu/crtn.o] ==> ignore
  remove lib [gcc_s]
  remove lib [gcc]
  remove lib [gcc_s]
  remove lib [gcc]
  collapse library dir [/usr/bin/../lib/gcc/aarch64-linux-gnu/5.4.0] ==> [/usr/lib/gcc/aarch64-linux-gnu/5.4.0]
  collapse library dir [/usr/bin/../lib/gcc/aarch64-linux-gnu/5.4.0/../../../aarch64-linux-gnu] ==> [/usr/lib/aarch64-linux-gnu]
  collapse library dir [/lib/aarch64-linux-gnu] ==> [/lib/aarch64-linux-gnu]
  collapse library dir [/usr/lib/aarch64-linux-gnu] ==> [/usr/lib/aarch64-linux-gnu]
  collapse library dir [/usr/bin/../lib/gcc/aarch64-linux-gnu/5.4.0/../../..] ==> [/usr/lib]
  collapse library dir [/usr/lib/llvm-3.8/bin/../lib] ==> [/usr/lib/llvm-3.8/lib]
  collapse library dir [/lib] ==> [/lib]
  collapse library dir [/usr/lib] ==> [/usr/lib]
  implicit libs: [stdc++;m;c]
  implicit dirs: [/usr/lib/gcc/aarch64-linux-gnu/5.4.0;/usr/lib/aarch64-linux-gnu;/lib/aarch64-linux-gnu;/usr/lib;/usr/lib/llvm-3.8/lib;/lib]
  implicit fwks: []




Detecting CXX [-std=c++14] compiler features compiled with the following output:
Change Dir: /workspace/build/CMakeFiles/CMakeTmp

Run Build Command:"/usr/bin/make" "cmTC_86f39/fast"
make: Warning: File 'Makefile' has modification time 3.2 s in the future
/usr/bin/make -f CMakeFiles/cmTC_86f39.dir/build.make CMakeFiles/cmTC_86f39.dir/build
make[1]: Entering directory '/workspace/build/CMakeFiles/CMakeTmp'
make[1]: Warning: File 'CMakeFiles/cmTC_86f39.dir/flags.make' has modification time 3.1 s in the future
Building CXX object CMakeFiles/cmTC_86f39.dir/feature_tests.cxx.o
/usr/bin/clang++     -std=c++14 -o CMakeFiles/cmTC_86f39.dir/feature_tests.cxx.o -c /workspace/build/CMakeFiles/feature_tests.cxx
Linking CXX executable cmTC_86f39
/usr/bin/cmake -E cmake_link_script CMakeFiles/cmTC_86f39.dir/link.txt --verbose=1
/usr/bin/clang++        CMakeFiles/cmTC_86f39.dir/feature_tests.cxx.o  -o cmTC_86f39 -rdynamic 
make[1]: warning:  Clock skew detected.  Your build may be incomplete.
make[1]: Leaving directory '/workspace/build/CMakeFiles/CMakeTmp'
make: warning:  Clock skew detected.  Your build may be incomplete.


    Feature record: CXX_FEATURE:1cxx_aggregate_default_initializers
    Feature record: CXX_FEATURE:1cxx_alias_templates
    Feature record: CXX_FEATURE:1cxx_alignas
    Feature record: CXX_FEATURE:1cxx_alignof
    Feature record: CXX_FEATURE:1cxx_attributes
    Feature record: CXX_FEATURE:1cxx_attribute_deprecated
    Feature record: CXX_FEATURE:1cxx_auto_type
    Feature record: CXX_FEATURE:1cxx_binary_literals
    Feature record: CXX_FEATURE:1cxx_constexpr
    Feature record: CXX_FEATURE:1cxx_contextual_conversions
    Feature record: CXX_FEATURE:1cxx_decltype
    Feature record: CXX_FEATURE:1cxx_decltype_auto
    Feature record: CXX_FEATURE:1cxx_decltype_incomplete_return_types
    Feature record: CXX_FEATURE:1cxx_default_function_template_args
    Feature record: CXX_FEATURE:1cxx_defaulted_functions
    Feature record: CXX_FEATURE:1cxx_defaulted_move_initializers
    Feature record: CXX_FEATURE:1cxx_delegating_constructors
    Feature record: CXX_FEATURE:1cxx_deleted_functions
    Feature record: CXX_FEATURE:1cxx_digit_separators
    Feature record: CXX_FEATURE:1cxx_enum_forward_declarations
    Feature record: CXX_FEATURE:1cxx_explicit_conversions
    Feature record: CXX_FEATURE:1cxx_extended_friend_declarations
    Feature record: CXX_FEATURE:1cxx_extern_templates
    Feature record: CXX_FEATURE:1cxx_final
    Feature record: CXX_FEATURE:1cxx_func_identifier
    Feature record: CXX_FEATURE:1cxx_generalized_initializers
    Feature record: CXX_FEATURE:1cxx_generic_lambdas
    Feature record: CXX_FEATURE:1cxx_inheriting_constructors
    Feature record: CXX_FEATURE:1cxx_inline_namespaces
    Feature record: CXX_FEATURE:1cxx_lambdas
    Feature record: CXX_FEATURE:1cxx_lambda_init_captures
    Feature record: CXX_FEATURE:1cxx_local_type_template_args
    Feature record: CXX_FEATURE:1cxx_long_long_type
    Feature record: CXX_FEATURE:1cxx_noexcept
    Feature record: CXX_FEATURE:1cxx_nonstatic_member_init
    Feature record: CXX_FEATURE:1cxx_nullptr
    Feature record: CXX_FEATURE:1cxx_override
    Feature record: CXX_FEATURE:1cxx_range_for
    Feature record: CXX_FEATURE:1cxx_raw_string_literals
    Feature record: CXX_FEATURE:1cxx_reference_qualified_functions
    Feature record: CXX_FEATURE:1cxx_relaxed_constexpr
    Feature record: CXX_FEATURE:1cxx_return_type_deduction
    Feature record: CXX_FEATURE:1cxx_right_angle_brackets
    Feature record: CXX_FEATURE:1cxx_rvalue_references
    Feature record: CXX_FEATURE:1cxx_sizeof_member
    Feature record: CXX_FEATURE:1cxx_static_assert
    Feature record: CXX_FEATURE:1cxx_strong_enums
    Feature record: CXX_FEATURE:1cxx_template_template_parameters
    Feature record: CXX_FEATURE:1cxx_thread_local
    Feature record: CXX_FEATURE:1cxx_trailing_return_types
    Feature record: CXX_FEATURE:1cxx_unicode_literals
    Feature record: CXX_FEATURE:1cxx_uniform_initialization
    Feature record: CXX_FEATURE:1cxx_unrestricted_unions
    Feature record: CXX_FEATURE:1cxx_user_literals
    Feature record: CXX_FEATURE:1cxx_variable_templates
    Feature record: CXX_FEATURE:1cxx_variadic_macros
    Feature record: CXX_FEATURE:1cxx_variadic_templates


Detecting CXX [-std=c++11] compiler features compiled with the following output:
Change Dir: /workspace/build/CMakeFiles/CMakeTmp

Run Build Command:"/usr/bin/make" "cmTC_85087/fast"
make: Warning: File 'Makefile' has modification time 3.6 s in the future
/usr/bin/make -f CMakeFiles/cmTC_85087.dir/build.make CMakeFiles/cmTC_85087.dir/build
make[1]: Entering directory '/workspace/build/CMakeFiles/CMakeTmp'
make[1]: Warning: File 'CMakeFiles/cmTC_85087.dir/flags.make' has modification time 3.5 s in the future
Building CXX object CMakeFiles/cmTC_85087.dir/feature_tests.cxx.o
/usr/bin/clang++     -std=c++11 -o CMakeFiles/cmTC_85087.dir/feature_tests.cxx.o -c /workspace/build/CMakeFiles/feature_tests.cxx
Linking CXX executable cmTC_85087
/usr/bin/cmake -E cmake_link_script CMakeFiles/cmTC_85087.dir/link.txt --verbose=1
/usr/bin/clang++        CMakeFiles/cmTC_85087.dir/feature_tests.cxx.o  -o cmTC_85087 -rdynamic 
make[1]: warning:  Clock skew detected.  Your build may be incomplete.
make[1]: Leaving directory '/workspace/build/CMakeFiles/CMakeTmp'
make: warning:  Clock skew detected.  Your build may be incomplete.


    Feature record: CXX_FEATURE:0cxx_aggregate_default_initializers
    Feature record: CXX_FEATURE:1cxx_alias_templates
    Feature record: CXX_FEATURE:1cxx_alignas
    Feature record: CXX_FEATURE:1cxx_alignof
    Feature record: CXX_FEATURE:1cxx_attributes
    Feature record: CXX_FEATURE:0cxx_attribute_deprecated
    Feature record: CXX_FEATURE:1cxx_auto_type
    Feature record: CXX_FEATURE:0cxx_binary_literals
    Feature record: CXX_FEATURE:1cxx_constexpr
    Feature record: CXX_FEATURE:0cxx_contextual_conversions
    Feature record: CXX_FEATURE:1cxx_decltype
    Feature record: CXX_FEATURE:0cxx_decltype_auto
    Feature record: CXX_FEATURE:1cxx_decltype_incomplete_return_types
    Feature record: CXX_FEATURE:1cxx_default_function_template_args
    Feature record: CXX_FEATURE:1cxx_defaulted_functions
    Feature record: CXX_FEATURE:1cxx_defaulted_move_initializers
    Feature record: CXX_FEATURE:1cxx_delegating_constructors
    Feature record: CXX_FEATURE:1cxx_deleted_functions
    Feature record: CXX_FEATURE:0cxx_digit_separators
    Feature record: CXX_FEATURE:1cxx_enum_forward_declarations
    Feature record: CXX_FEATURE:1cxx_explicit_conversions
    Feature record: CXX_FEATURE:1cxx_extended_friend_declarations
    Feature record: CXX_FEATURE:1cxx_extern_templates
    Feature record: CXX_FEATURE:1cxx_final
    Feature record: CXX_FEATURE:1cxx_func_identifier
    Feature record: CXX_FEATURE:1cxx_generalized_initializers
    Feature record: CXX_FEATURE:0cxx_generic_lambdas
    Feature record: CXX_FEATURE:1cxx_inheriting_constructors
    Feature record: CXX_FEATURE:1cxx_inline_namespaces
    Feature record: CXX_FEATURE:1cxx_lambdas
    Feature record: CXX_FEATURE:0cxx_lambda_init_captures
    Feature record: CXX_FEATURE:1cxx_local_type_template_args
    Feature record: CXX_FEATURE:1cxx_long_long_type
    Feature record: CXX_FEATURE:1cxx_noexcept
    Feature record: CXX_FEATURE:1cxx_nonstatic_member_init
    Feature record: CXX_FEATURE:1cxx_nullptr
    Feature record: CXX_FEATURE:1cxx_override
    Feature record: CXX_FEATURE:1cxx_range_for
    Feature record: CXX_FEATURE:1cxx_raw_string_literals
    Feature record: CXX_FEATURE:1cxx_reference_qualified_functions
    Feature record: CXX_FEATURE:0cxx_relaxed_constexpr
    Feature record: CXX_FEATURE:0cxx_return_type_deduction
    Feature record: CXX_FEATURE:1cxx_right_angle_brackets
    Feature record: CXX_FEATURE:1cxx_rvalue_references
    Feature record: CXX_FEATURE:1cxx_sizeof_member
    Feature record: CXX_FEATURE:1cxx_static_assert
    Feature record: CXX_FEATURE:1cxx_strong_enums
    Feature record: CXX_FEATURE:1cxx_template_template_parameters
    Feature record: CXX_FEATURE:1cxx_thread_local
    Feature record: CXX_FEATURE:1cxx_trailing_return_types
    Feature record: CXX_FEATURE:1cxx_unicode_literals
    Feature record: CXX_FEATURE:1cxx_uniform_initialization
    Feature record: CXX_FEATURE:1cxx_unrestricted_unions
    Feature record: CXX_FEATURE:1cxx_user_literals
    Feature record: CXX_FEATURE:0cxx_variable_templates
    Feature record: CXX_FEATURE:1cxx_variadic_macros
    Feature record: CXX_FEATURE:1cxx_variadic_templates


Detecting CXX [-std=c++98] compiler features compiled with the following output:
Change Dir: /workspace/build/CMakeFiles/CMakeTmp

Run Build Command:"/usr/bin/make" "cmTC_75d5a/fast"
make: Warning: File 'Makefile' has modification time 3 s in the future
/usr/bin/make -f CMakeFiles/cmTC_75d5a.dir/build.make CMakeFiles/cmTC_75d5a.dir/build
make[1]: Entering directory '/workspace/build/CMakeFiles/CMakeTmp'
make[1]: Warning: File 'CMakeFiles/cmTC_75d5a.dir/flags.make' has modification time 3 s in the future
Building CXX object CMakeFiles/cmTC_75d5a.dir/feature_tests.cxx.o
/usr/bin/clang++     -std=c++98 -o CMakeFiles/cmTC_75d5a.dir/feature_tests.cxx.o -c /workspace/build/CMakeFiles/feature_tests.cxx
Linking CXX executable cmTC_75d5a
/usr/bin/cmake -E cmake_link_script CMakeFiles/cmTC_75d5a.dir/link.txt --verbose=1
/usr/bin/clang++        CMakeFiles/cmTC_75d5a.dir/feature_tests.cxx.o  -o cmTC_75d5a -rdynamic 
make[1]: warning:  Clock skew detected.  Your build may be incomplete.
make[1]: Leaving directory '/workspace/build/CMakeFiles/CMakeTmp'
make: warning:  Clock skew detected.  Your build may be incomplete.


    Feature record: CXX_FEATURE:0cxx_aggregate_default_initializers
    Feature record: CXX_FEATURE:0cxx_alias_templates
    Feature record: CXX_FEATURE:0cxx_alignas
    Feature record: CXX_FEATURE:0cxx_alignof
    Feature record: CXX_FEATURE:0cxx_attributes
    Feature record: CXX_FEATURE:0cxx_attribute_deprecated
    Feature record: CXX_FEATURE:0cxx_auto_type
    Feature record: CXX_FEATURE:0cxx_binary_literals
    Feature record: CXX_FEATURE:0cxx_constexpr
    Feature record: CXX_FEATURE:0cxx_contextual_conversions
    Feature record: CXX_FEATURE:0cxx_decltype
    Feature record: CXX_FEATURE:0cxx_decltype_auto
    Feature record: CXX_FEATURE:0cxx_decltype_incomplete_return_types
    Feature record: CXX_FEATURE:0cxx_default_function_template_args
    Feature record: CXX_FEATURE:0cxx_defaulted_functions
    Feature record: CXX_FEATURE:0cxx_defaulted_move_initializers
    Feature record: CXX_FEATURE:0cxx_delegating_constructors
    Feature record: CXX_FEATURE:0cxx_deleted_functions
    Feature record: CXX_FEATURE:0cxx_digit_separators
    Feature record: CXX_FEATURE:0cxx_enum_forward_declarations
    Feature record: CXX_FEATURE:0cxx_explicit_conversions
    Feature record: CXX_FEATURE:0cxx_extended_friend_declarations
    Feature record: CXX_FEATURE:0cxx_extern_templates
    Feature record: CXX_FEATURE:0cxx_final
    Feature record: CXX_FEATURE:0cxx_func_identifier
    Feature record: CXX_FEATURE:0cxx_generalized_initializers
    Feature record: CXX_FEATURE:0cxx_generic_lambdas
    Feature record: CXX_FEATURE:0cxx_inheriting_constructors
    Feature record: CXX_FEATURE:0cxx_inline_namespaces
    Feature record: CXX_FEATURE:0cxx_lambdas
    Feature record: CXX_FEATURE:0cxx_lambda_init_captures
    Feature record: CXX_FEATURE:0cxx_local_type_template_args
    Feature record: CXX_FEATURE:0cxx_long_long_type
    Feature record: CXX_FEATURE:0cxx_noexcept
    Feature record: CXX_FEATURE:0cxx_nonstatic_member_init
    Feature record: CXX_FEATURE:0cxx_nullptr
    Feature record: CXX_FEATURE:0cxx_override
    Feature record: CXX_FEATURE:0cxx_range_for
    Feature record: CXX_FEATURE:0cxx_raw_string_literals
    Feature record: CXX_FEATURE:0cxx_reference_qualified_functions
    Feature record: CXX_FEATURE:0cxx_relaxed_constexpr
    Feature record: CXX_FEATURE:0cxx_return_type_deduction
    Feature record: CXX_FEATURE:0cxx_right_angle_brackets
    Feature record: CXX_FEATURE:0cxx_rvalue_references
    Feature record: CXX_FEATURE:0cxx_sizeof_member
    Feature record: CXX_FEATURE:0cxx_static_assert
    Feature record: CXX_FEATURE:0cxx_strong_enums
    Feature record: CXX_FEATURE:1cxx_template_template_parameters
    Feature record: CXX_FEATURE:0cxx_thread_local
    Feature record: CXX_FEATURE:0cxx_trailing_return_types
    Feature record: CXX_FEATURE:0cxx_unicode_literals
    Feature record: CXX_FEATURE:0cxx_uniform_initialization
    Feature record: CXX_FEATURE:0cxx_unrestricted_unions
    Feature record: CXX_FEATURE:0cxx_user_literals
    Feature record: CXX_FEATURE:0cxx_variable_templates
    Feature record: CXX_FEATURE:0cxx_variadic_macros
    Feature record: CXX_FEATURE:0cxx_variadic_templates
Determining if the include file pthread.h exists passed with the following output:
Change Dir: /workspace/build/CMakeFiles/CMakeTmp

Run Build Command:"/usr/bin/make" "cmTC_42e18/fast"
make: Warning: File 'Makefile' has modification time 3.1 s in the future
/usr/bin/make -f CMakeFiles/cmTC_42e18.dir/build.make CMakeFiles/cmTC_42e18.dir/build
make[1]: Entering directory '/workspace/build/CMakeFiles/CMakeTmp'
make[1]: Warning: File 'CMakeFiles/cmTC_42e18.dir/flags.make' has modification time 3.1 s in the future
Building C object CMakeFiles/cmTC_42e18.dir/CheckIncludeFile.c.o
/usr/bin/clang    -fPIC    -o CMakeFiles/cmTC_42e18.dir/CheckIncludeFile.c.o   -c /workspace/build/CMakeFiles/CMakeTmp/CheckIncludeFile.c
Linking C executable cmTC_42e18
/usr/bin/cmake -E cmake_link_script CMakeFiles/cmTC_42e18.dir/link.txt --verbose=1
/usr/bin/clang  -fPIC     CMakeFiles/cmTC_42e18.dir/CheckIncludeFile.c.o  -o cmTC_42e18 -rdynamic 
make[1]: warning:  Clock skew detected.  Your build may be incomplete.
make[1]: Leaving directory '/workspace/build/CMakeFiles/CMakeTmp'
make: warning:  Clock skew detected.  Your build may be incomplete.


Determining if the function pthread_create exists in the pthread passed with the following output:
Change Dir: /workspace/build/CMakeFiles/CMakeTmp

Run Build Command:"/usr/bin/make" "cmTC_a5e0e/fast"
make: Warning: File 'Makefile' has modification time 2.9 s in the future
/usr/bin/make -f CMakeFiles/cmTC_a5e0e.dir/build.make CMakeFiles/cmTC_a5e0e.dir/build
make[1]: Entering directory '/workspace/build/CMakeFiles/CMakeTmp'
make[1]: Warning: File 'CMakeFiles/cmTC_a5e0e.dir/flags.make' has modification time 2.9 s in the future
Building C object CMakeFiles/cmTC_a5e0e.dir/CheckFunctionExists.c.o
/usr/bin/clang    -fPIC -DCHECK_FUNCTION_EXISTS=pthread_create   -o CMakeFiles/cmTC_a5e0e.dir/CheckFunctionExists.c.o   -c /usr/share/cmake-3.5/Modules/CheckFunctionExists.c
Linking C executable cmTC_a5e0e
/usr/bin/cmake -E cmake_link_script CMakeFiles/cmTC_a5e0e.dir/link.txt --verbose=1
/usr/bin/clang  -fPIC -DCHECK_FUNCTION_EXISTS=pthread_create    CMakeFiles/cmTC_a5e0e.dir/CheckFunctionExists.c.o  -o cmTC_a5e0e -rdynamic -lpthread 
make[1]: warning:  Clock skew detected.  Your build may be incomplete.
make[1]: Leaving directory '/workspace/build/CMakeFiles/CMakeTmp'
make: warning:  Clock skew detected.  Your build may be incomplete.


